2013/10/13 23:46:38 [error] [php] Undefined variable: session (C:\xampp2\htdocs\yii\clase_8\clase_8\protected\views\test\session2.php:2)
Stack trace:
#0 C:\xampp2\htdocs\yii\clase_8\framework\web\CController.php(869): TestController->renderFile()
#1 C:\xampp2\htdocs\yii\clase_8\framework\web\CController.php(782): TestController->renderPartial()
#2 C:\xampp2\htdocs\yii\clase_8\clase_8\protected\controllers\TestController.php(16): TestController->render()
#3 C:\xampp2\htdocs\yii\clase_8\framework\web\actions\CInlineAction.php(49): TestController->actionSession2()
#4 C:\xampp2\htdocs\yii\clase_8\framework\web\CController.php(308): CInlineAction->runWithParams()
#5 C:\xampp2\htdocs\yii\clase_8\framework\web\CController.php(286): TestController->runAction()
#6 C:\xampp2\htdocs\yii\clase_8\framework\web\CController.php(265): TestController->runActionWithFilters()
#7 C:\xampp2\htdocs\yii\clase_8\framework\web\CWebApplication.php(282): TestController->run()
#8 C:\xampp2\htdocs\yii\clase_8\framework\web\CWebApplication.php(141): CWebApplication->runController()
#9 C:\xampp2\htdocs\yii\clase_8\framework\base\CApplication.php(180): CWebApplication->processRequest()
#10 C:\xampp2\htdocs\yii\clase_8\clase_8\index.php(13): CWebApplication->run()
REQUEST_URI=/yii/clase_8/clase_8/test/session2
in C:\xampp2\htdocs\yii\clase_8\clase_8\protected\views\test\session2.php (2)
in C:\xampp2\htdocs\yii\clase_8\clase_8\protected\controllers\TestController.php (16)
in C:\xampp2\htdocs\yii\clase_8\clase_8\index.php (13)
2013/10/13 23:47:10 [error] [php] Undefined variable: _SESSION (C:\xampp2\htdocs\yii\clase_8\clase_8\protected\views\test\session2.php:2)
Stack trace:
#0 C:\xampp2\htdocs\yii\clase_8\framework\web\CController.php(869): TestController->renderFile()
#1 C:\xampp2\htdocs\yii\clase_8\framework\web\CController.php(782): TestController->renderPartial()
#2 C:\xampp2\htdocs\yii\clase_8\clase_8\protected\controllers\TestController.php(16): TestController->render()
#3 C:\xampp2\htdocs\yii\clase_8\framework\web\actions\CInlineAction.php(49): TestController->actionSession2()
#4 C:\xampp2\htdocs\yii\clase_8\framework\web\CController.php(308): CInlineAction->runWithParams()
#5 C:\xampp2\htdocs\yii\clase_8\framework\web\CController.php(286): TestController->runAction()
#6 C:\xampp2\htdocs\yii\clase_8\framework\web\CController.php(265): TestController->runActionWithFilters()
#7 C:\xampp2\htdocs\yii\clase_8\framework\web\CWebApplication.php(282): TestController->run()
#8 C:\xampp2\htdocs\yii\clase_8\framework\web\CWebApplication.php(141): CWebApplication->runController()
#9 C:\xampp2\htdocs\yii\clase_8\framework\base\CApplication.php(180): CWebApplication->processRequest()
#10 C:\xampp2\htdocs\yii\clase_8\clase_8\index.php(13): CWebApplication->run()
REQUEST_URI=/yii/clase_8/clase_8/test/session2
in C:\xampp2\htdocs\yii\clase_8\clase_8\protected\views\test\session2.php (2)
in C:\xampp2\htdocs\yii\clase_8\clase_8\protected\controllers\TestController.php (16)
in C:\xampp2\htdocs\yii\clase_8\clase_8\index.php (13)
