2013/09/19 23:29:44 [error] [exception.CException] exception 'CException' with message 'DbController cannot find the requested view "index".' in C:\xampp2\htdocs\yii\clase_5\framework\web\CController.php:878
Stack trace:
#0 C:\xampp2\htdocs\yii\clase_5\framework\web\CController.php(782): CController->renderPartial('index', NULL, true)
#1 C:\xampp2\htdocs\yii\clase_5\clase_5\protected\controllers\DbController.php(10): CController->render('index')
#2 C:\xampp2\htdocs\yii\clase_5\framework\web\actions\CInlineAction.php(49): DbController->actionIndex()
#3 C:\xampp2\htdocs\yii\clase_5\framework\web\CController.php(308): CInlineAction->runWithParams(Array)
#4 C:\xampp2\htdocs\yii\clase_5\framework\web\CController.php(286): CController->runAction(Object(CInlineAction))
#5 C:\xampp2\htdocs\yii\clase_5\framework\web\CController.php(265): CController->runActionWithFilters(Object(CInlineAction), Array)
#6 C:\xampp2\htdocs\yii\clase_5\framework\web\CWebApplication.php(282): CController->run('')
#7 C:\xampp2\htdocs\yii\clase_5\framework\web\CWebApplication.php(141): CWebApplication->runController('db')
#8 C:\xampp2\htdocs\yii\clase_5\framework\base\CApplication.php(180): CWebApplication->processRequest()
#9 C:\xampp2\htdocs\yii\clase_5\clase_5\index.php(13): CApplication->run()
#10 {main}
REQUEST_URI=/yii/clase_5/clase_5/db
---
2013/09/19 23:45:08 [error] [exception.CDbException] exception 'CDbException' with message 'CDbConnection failed to open the DB connection: SQLSTATE[HY000] [1045] Access denied for user 'root'@'localhost' (using password: YES)' in C:\xampp2\htdocs\yii\clase_5\framework\db\CDbConnection.php:382
Stack trace:
#0 C:\xampp2\htdocs\yii\clase_5\framework\db\CDbConnection.php(330): CDbConnection->open()
#1 C:\xampp2\htdocs\yii\clase_5\framework\db\CDbConnection.php(308): CDbConnection->setActive(true)
#2 C:\xampp2\htdocs\yii\clase_5\framework\base\CModule.php(387): CDbConnection->init()
#3 C:\xampp2\htdocs\yii\clase_5\framework\base\CModule.php(103): CModule->getComponent('db')
#4 C:\xampp2\htdocs\yii\clase_5\clase_5\protected\models\Noticias.php(9): CModule->__get('db')
#5 C:\xampp2\htdocs\yii\clase_5\clase_5\protected\controllers\DbController.php(8): Noticias->__construct()
#6 C:\xampp2\htdocs\yii\clase_5\framework\web\actions\CInlineAction.php(49): DbController->actionIndex()
#7 C:\xampp2\htdocs\yii\clase_5\framework\web\CController.php(308): CInlineAction->runWithParams(Array)
#8 C:\xampp2\htdocs\yii\clase_5\framework\web\CController.php(286): CController->runAction(Object(CInlineAction))
#9 C:\xampp2\htdocs\yii\clase_5\framework\web\CController.php(265): CController->runActionWithFilters(Object(CInlineAction), Array)
#10 C:\xampp2\htdocs\yii\clase_5\framework\web\CWebApplication.php(282): CController->run('')
#11 C:\xampp2\htdocs\yii\clase_5\framework\web\CWebApplication.php(141): CWebApplication->runController('db')
#12 C:\xampp2\htdocs\yii\clase_5\framework\base\CApplication.php(180): CWebApplication->processRequest()
#13 C:\xampp2\htdocs\yii\clase_5\clase_5\index.php(13): CApplication->run()
#14 {main}
REQUEST_URI=/yii/clase_5/clase_5/db
---
2013/09/19 23:48:52 [error] [php] Undefined variable: dataReader (C:\xampp2\htdocs\yii\clase_5\clase_5\protected\models\Noticias.php:22)
Stack trace:
#0 C:\xampp2\htdocs\yii\clase_5\framework\web\CController.php(308): CInlineAction->runWithParams()
#1 C:\xampp2\htdocs\yii\clase_5\framework\web\CController.php(286): DbController->runAction()
#2 C:\xampp2\htdocs\yii\clase_5\framework\web\CController.php(265): DbController->runActionWithFilters()
#3 C:\xampp2\htdocs\yii\clase_5\framework\web\CWebApplication.php(282): DbController->run()
#4 C:\xampp2\htdocs\yii\clase_5\framework\web\CWebApplication.php(141): CWebApplication->runController()
#5 C:\xampp2\htdocs\yii\clase_5\framework\base\CApplication.php(180): CWebApplication->processRequest()
#6 C:\xampp2\htdocs\yii\clase_5\clase_5\index.php(13): CWebApplication->run()
REQUEST_URI=/yii/clase_5/clase_5/db
in C:\xampp2\htdocs\yii\clase_5\clase_5\protected\models\Noticias.php (22)
in C:\xampp2\htdocs\yii\clase_5\clase_5\protected\controllers\DbController.php (9)
in C:\xampp2\htdocs\yii\clase_5\clase_5\index.php (13)
2013/09/26 06:43:42 [error] [exception.CException] exception 'CException' with message 'DbController cannot find the requested view "add".' in C:\xampp2\htdocs\yii\clase_6\framework\web\CController.php:878
Stack trace:
#0 C:\xampp2\htdocs\yii\clase_6\framework\web\CController.php(782): CController->renderPartial('add', Array, true)
#1 C:\xampp2\htdocs\yii\clase_6\clase_6\protected\controllers\DbController.php(17): CController->render('add', Array)
#2 C:\xampp2\htdocs\yii\clase_6\framework\web\actions\CInlineAction.php(49): DbController->actionAdd()
#3 C:\xampp2\htdocs\yii\clase_6\framework\web\CController.php(308): CInlineAction->runWithParams(Array)
#4 C:\xampp2\htdocs\yii\clase_6\framework\web\CController.php(286): CController->runAction(Object(CInlineAction))
#5 C:\xampp2\htdocs\yii\clase_6\framework\web\CController.php(265): CController->runActionWithFilters(Object(CInlineAction), Array)
#6 C:\xampp2\htdocs\yii\clase_6\framework\web\CWebApplication.php(282): CController->run('add')
#7 C:\xampp2\htdocs\yii\clase_6\framework\web\CWebApplication.php(141): CWebApplication->runController('db/add')
#8 C:\xampp2\htdocs\yii\clase_6\framework\base\CApplication.php(180): CWebApplication->processRequest()
#9 C:\xampp2\htdocs\yii\clase_6\clase_6\index.php(13): CApplication->run()
#10 {main}
REQUEST_URI=/yii/clase_6/clase_6/db/add
---
2013/09/26 06:52:51 [error] [system.db.CDbCommand] CDbCommand::fetchAll() failed: SQLSTATE[42S22]: Column not found: 1054 Unknown column 'foto' in 'field list'. The SQL statement executed was: select id,titulo,descripcion,fecha,foto from noticias;.
in C:\xampp2\htdocs\yii\clase_6\clase_6\protected\models\Noticias.php (21)
in C:\xampp2\htdocs\yii\clase_6\clase_6\protected\controllers\DbController.php (9)
in C:\xampp2\htdocs\yii\clase_6\clase_6\index.php (13)
2013/09/26 06:52:51 [error] [exception.CDbException] exception 'CDbException' with message 'CDbCommand failed to execute the SQL statement: SQLSTATE[42S22]: Column not found: 1054 Unknown column 'foto' in 'field list'. The SQL statement executed was: select id,titulo,descripcion,fecha,foto from noticias;' in C:\xampp2\htdocs\yii\clase_6\framework\db\CDbCommand.php:543
Stack trace:
#0 C:\xampp2\htdocs\yii\clase_6\framework\db\CDbCommand.php(396): CDbCommand->queryInternal('fetchAll', Array, Array)
#1 C:\xampp2\htdocs\yii\clase_6\clase_6\protected\models\Noticias.php(21): CDbCommand->queryAll()
#2 C:\xampp2\htdocs\yii\clase_6\clase_6\protected\controllers\DbController.php(9): Noticias->getNoticias()
#3 C:\xampp2\htdocs\yii\clase_6\framework\web\actions\CInlineAction.php(49): DbController->actionIndex()
#4 C:\xampp2\htdocs\yii\clase_6\framework\web\CController.php(308): CInlineAction->runWithParams(Array)
#5 C:\xampp2\htdocs\yii\clase_6\framework\web\CController.php(286): CController->runAction(Object(CInlineAction))
#6 C:\xampp2\htdocs\yii\clase_6\framework\web\CController.php(265): CController->runActionWithFilters(Object(CInlineAction), Array)
#7 C:\xampp2\htdocs\yii\clase_6\framework\web\CWebApplication.php(282): CController->run('')
#8 C:\xampp2\htdocs\yii\clase_6\framework\web\CWebApplication.php(141): CWebApplication->runController('db')
#9 C:\xampp2\htdocs\yii\clase_6\framework\base\CApplication.php(180): CWebApplication->processRequest()
#10 C:\xampp2\htdocs\yii\clase_6\clase_6\index.php(13): CApplication->run()
#11 {main}
REQUEST_URI=/yii/clase_6/clase_6/db
HTTP_REFERER=http://localhost/yii/clase_6/clase_6/db/add
---
2013/09/26 06:56:15 [error] [exception.CException] exception 'CException' with message 'Property "Noticias.nom" is not defined.' in C:\xampp2\htdocs\yii\clase_6\framework\base\CComponent.php:130
Stack trace:
#0 C:\xampp2\htdocs\yii\clase_6\framework\db\ar\CActiveRecord.php(145): CComponent->__get('nom')
#1 C:\xampp2\htdocs\yii\clase_6\framework\web\helpers\CHtml.php(2529): CActiveRecord->__get('nom')
#2 C:\xampp2\htdocs\yii\clase_6\framework\web\helpers\CHtml.php(2252): CHtml::resolveValue(Object(Noticias), 'nom')
#3 C:\xampp2\htdocs\yii\clase_6\framework\web\helpers\CHtml.php(1434): CHtml::activeInputField('text', Object(Noticias), 'nom', Array)
#4 C:\xampp2\htdocs\yii\clase_6\clase_6\protected\views\db\add.php(11): CHtml::activeTextField(Object(Noticias), 'nom', Array)
#5 C:\xampp2\htdocs\yii\clase_6\framework\web\CBaseController.php(126): require('C:\xampp2\htdoc...')
#6 C:\xampp2\htdocs\yii\clase_6\framework\web\CBaseController.php(95): CBaseController->renderInternal('C:\xampp2\htdoc...', Array, true)
#7 C:\xampp2\htdocs\yii\clase_6\framework\web\CController.php(869): CBaseController->renderFile('C:\xampp2\htdoc...', Array, true)
#8 C:\xampp2\htdocs\yii\clase_6\framework\web\CController.php(782): CController->renderPartial('add', Array, true)
#9 C:\xampp2\htdocs\yii\clase_6\clase_6\protected\controllers\DbController.php(17): CController->render('add', Array)
#10 C:\xampp2\htdocs\yii\clase_6\framework\web\actions\CInlineAction.php(49): DbController->actionAdd()
#11 C:\xampp2\htdocs\yii\clase_6\framework\web\CController.php(308): CInlineAction->runWithParams(Array)
#12 C:\xampp2\htdocs\yii\clase_6\framework\web\CController.php(286): CController->runAction(Object(CInlineAction))
#13 C:\xampp2\htdocs\yii\clase_6\framework\web\CController.php(265): CController->runActionWithFilters(Object(CInlineAction), Array)
#14 C:\xampp2\htdocs\yii\clase_6\framework\web\CWebApplication.php(282): CController->run('add')
#15 C:\xampp2\htdocs\yii\clase_6\framework\web\CWebApplication.php(141): CWebApplication->runController('db/add')
#16 C:\xampp2\htdocs\yii\clase_6\framework\base\CApplication.php(180): CWebApplication->processRequest()
#17 C:\xampp2\htdocs\yii\clase_6\clase_6\index.php(13): CApplication->run()
#18 {main}
REQUEST_URI=/yii/clase_6/clase_6/db/add
---
2013/09/26 06:56:24 [error] [exception.CException] exception 'CException' with message 'Property "Noticias.nom" is not defined.' in C:\xampp2\htdocs\yii\clase_6\framework\base\CComponent.php:130
Stack trace:
#0 C:\xampp2\htdocs\yii\clase_6\framework\db\ar\CActiveRecord.php(145): CComponent->__get('nom')
#1 C:\xampp2\htdocs\yii\clase_6\framework\web\helpers\CHtml.php(2529): CActiveRecord->__get('nom')
#2 C:\xampp2\htdocs\yii\clase_6\framework\web\helpers\CHtml.php(2252): CHtml::resolveValue(Object(Noticias), 'nom')
#3 C:\xampp2\htdocs\yii\clase_6\framework\web\helpers\CHtml.php(1434): CHtml::activeInputField('text', Object(Noticias), 'nom', Array)
#4 C:\xampp2\htdocs\yii\clase_6\clase_6\protected\views\db\add.php(11): CHtml::activeTextField(Object(Noticias), 'nom', Array)
#5 C:\xampp2\htdocs\yii\clase_6\framework\web\CBaseController.php(126): require('C:\xampp2\htdoc...')
#6 C:\xampp2\htdocs\yii\clase_6\framework\web\CBaseController.php(95): CBaseController->renderInternal('C:\xampp2\htdoc...', Array, true)
#7 C:\xampp2\htdocs\yii\clase_6\framework\web\CController.php(869): CBaseController->renderFile('C:\xampp2\htdoc...', Array, true)
#8 C:\xampp2\htdocs\yii\clase_6\framework\web\CController.php(782): CController->renderPartial('add', Array, true)
#9 C:\xampp2\htdocs\yii\clase_6\clase_6\protected\controllers\DbController.php(17): CController->render('add', Array)
#10 C:\xampp2\htdocs\yii\clase_6\framework\web\actions\CInlineAction.php(49): DbController->actionAdd()
#11 C:\xampp2\htdocs\yii\clase_6\framework\web\CController.php(308): CInlineAction->runWithParams(Array)
#12 C:\xampp2\htdocs\yii\clase_6\framework\web\CController.php(286): CController->runAction(Object(CInlineAction))
#13 C:\xampp2\htdocs\yii\clase_6\framework\web\CController.php(265): CController->runActionWithFilters(Object(CInlineAction), Array)
#14 C:\xampp2\htdocs\yii\clase_6\framework\web\CWebApplication.php(282): CController->run('add')
#15 C:\xampp2\htdocs\yii\clase_6\framework\web\CWebApplication.php(141): CWebApplication->runController('db/add')
#16 C:\xampp2\htdocs\yii\clase_6\framework\base\CApplication.php(180): CWebApplication->processRequest()
#17 C:\xampp2\htdocs\yii\clase_6\clase_6\index.php(13): CApplication->run()
#18 {main}
REQUEST_URI=/yii/clase_6/clase_6/db/add
---
2013/09/26 06:56:50 [error] [exception.CException] exception 'CException' with message 'Property "Noticias.nom" is not defined.' in C:\xampp2\htdocs\yii\clase_6\framework\base\CComponent.php:130
Stack trace:
#0 C:\xampp2\htdocs\yii\clase_6\framework\db\ar\CActiveRecord.php(145): CComponent->__get('nom')
#1 C:\xampp2\htdocs\yii\clase_6\framework\web\helpers\CHtml.php(2529): CActiveRecord->__get('nom')
#2 C:\xampp2\htdocs\yii\clase_6\framework\web\helpers\CHtml.php(2252): CHtml::resolveValue(Object(Noticias), 'nom')
#3 C:\xampp2\htdocs\yii\clase_6\framework\web\helpers\CHtml.php(1434): CHtml::activeInputField('text', Object(Noticias), 'nom', Array)
#4 C:\xampp2\htdocs\yii\clase_6\clase_6\protected\views\db\add.php(11): CHtml::activeTextField(Object(Noticias), 'nom', Array)
#5 C:\xampp2\htdocs\yii\clase_6\framework\web\CBaseController.php(126): require('C:\xampp2\htdoc...')
#6 C:\xampp2\htdocs\yii\clase_6\framework\web\CBaseController.php(95): CBaseController->renderInternal('C:\xampp2\htdoc...', Array, true)
#7 C:\xampp2\htdocs\yii\clase_6\framework\web\CController.php(869): CBaseController->renderFile('C:\xampp2\htdoc...', Array, true)
#8 C:\xampp2\htdocs\yii\clase_6\framework\web\CController.php(782): CController->renderPartial('add', Array, true)
#9 C:\xampp2\htdocs\yii\clase_6\clase_6\protected\controllers\DbController.php(17): CController->render('add', Array)
#10 C:\xampp2\htdocs\yii\clase_6\framework\web\actions\CInlineAction.php(49): DbController->actionAdd()
#11 C:\xampp2\htdocs\yii\clase_6\framework\web\CController.php(308): CInlineAction->runWithParams(Array)
#12 C:\xampp2\htdocs\yii\clase_6\framework\web\CController.php(286): CController->runAction(Object(CInlineAction))
#13 C:\xampp2\htdocs\yii\clase_6\framework\web\CController.php(265): CController->runActionWithFilters(Object(CInlineAction), Array)
#14 C:\xampp2\htdocs\yii\clase_6\framework\web\CWebApplication.php(282): CController->run('add')
#15 C:\xampp2\htdocs\yii\clase_6\framework\web\CWebApplication.php(141): CWebApplication->runController('db/add')
#16 C:\xampp2\htdocs\yii\clase_6\framework\base\CApplication.php(180): CWebApplication->processRequest()
#17 C:\xampp2\htdocs\yii\clase_6\clase_6\index.php(13): CApplication->run()
#18 {main}
REQUEST_URI=/yii/clase_6/clase_6/db/add
---
2013/09/26 07:26:56 [error] [php] Undefined index: nom (C:\xampp2\htdocs\yii\clase_6\clase_6\protected\models\Noticias.php:39)
Stack trace:
#0 C:\xampp2\htdocs\yii\clase_6\framework\web\CController.php(308): CInlineAction->runWithParams()
#1 C:\xampp2\htdocs\yii\clase_6\framework\web\CController.php(286): DbController->runAction()
#2 C:\xampp2\htdocs\yii\clase_6\framework\web\CController.php(265): DbController->runActionWithFilters()
#3 C:\xampp2\htdocs\yii\clase_6\framework\web\CWebApplication.php(282): DbController->run()
#4 C:\xampp2\htdocs\yii\clase_6\framework\web\CWebApplication.php(141): CWebApplication->runController()
#5 C:\xampp2\htdocs\yii\clase_6\framework\base\CApplication.php(180): CWebApplication->processRequest()
#6 C:\xampp2\htdocs\yii\clase_6\clase_6\index.php(13): CWebApplication->run()
REQUEST_URI=/yii/clase_6/clase_6/db/add
in C:\xampp2\htdocs\yii\clase_6\clase_6\protected\models\Noticias.php (39)
in C:\xampp2\htdocs\yii\clase_6\clase_6\protected\controllers\DbController.php (22)
in C:\xampp2\htdocs\yii\clase_6\clase_6\index.php (13)
