2013/09/19 23:29:44 [error] [exception.CException] exception 'CException' with message 'DbController cannot find the requested view "index".' in C:\xampp2\htdocs\yii\clase_5\framework\web\CController.php:878
Stack trace:
#0 C:\xampp2\htdocs\yii\clase_5\framework\web\CController.php(782): CController->renderPartial('index', NULL, true)
#1 C:\xampp2\htdocs\yii\clase_5\clase_5\protected\controllers\DbController.php(10): CController->render('index')
#2 C:\xampp2\htdocs\yii\clase_5\framework\web\actions\CInlineAction.php(49): DbController->actionIndex()
#3 C:\xampp2\htdocs\yii\clase_5\framework\web\CController.php(308): CInlineAction->runWithParams(Array)
#4 C:\xampp2\htdocs\yii\clase_5\framework\web\CController.php(286): CController->runAction(Object(CInlineAction))
#5 C:\xampp2\htdocs\yii\clase_5\framework\web\CController.php(265): CController->runActionWithFilters(Object(CInlineAction), Array)
#6 C:\xampp2\htdocs\yii\clase_5\framework\web\CWebApplication.php(282): CController->run('')
#7 C:\xampp2\htdocs\yii\clase_5\framework\web\CWebApplication.php(141): CWebApplication->runController('db')
#8 C:\xampp2\htdocs\yii\clase_5\framework\base\CApplication.php(180): CWebApplication->processRequest()
#9 C:\xampp2\htdocs\yii\clase_5\clase_5\index.php(13): CApplication->run()
#10 {main}
REQUEST_URI=/yii/clase_5/clase_5/db
---
2013/09/19 23:45:08 [error] [exception.CDbException] exception 'CDbException' with message 'CDbConnection failed to open the DB connection: SQLSTATE[HY000] [1045] Access denied for user 'root'@'localhost' (using password: YES)' in C:\xampp2\htdocs\yii\clase_5\framework\db\CDbConnection.php:382
Stack trace:
#0 C:\xampp2\htdocs\yii\clase_5\framework\db\CDbConnection.php(330): CDbConnection->open()
#1 C:\xampp2\htdocs\yii\clase_5\framework\db\CDbConnection.php(308): CDbConnection->setActive(true)
#2 C:\xampp2\htdocs\yii\clase_5\framework\base\CModule.php(387): CDbConnection->init()
#3 C:\xampp2\htdocs\yii\clase_5\framework\base\CModule.php(103): CModule->getComponent('db')
#4 C:\xampp2\htdocs\yii\clase_5\clase_5\protected\models\Noticias.php(9): CModule->__get('db')
#5 C:\xampp2\htdocs\yii\clase_5\clase_5\protected\controllers\DbController.php(8): Noticias->__construct()
#6 C:\xampp2\htdocs\yii\clase_5\framework\web\actions\CInlineAction.php(49): DbController->actionIndex()
#7 C:\xampp2\htdocs\yii\clase_5\framework\web\CController.php(308): CInlineAction->runWithParams(Array)
#8 C:\xampp2\htdocs\yii\clase_5\framework\web\CController.php(286): CController->runAction(Object(CInlineAction))
#9 C:\xampp2\htdocs\yii\clase_5\framework\web\CController.php(265): CController->runActionWithFilters(Object(CInlineAction), Array)
#10 C:\xampp2\htdocs\yii\clase_5\framework\web\CWebApplication.php(282): CController->run('')
#11 C:\xampp2\htdocs\yii\clase_5\framework\web\CWebApplication.php(141): CWebApplication->runController('db')
#12 C:\xampp2\htdocs\yii\clase_5\framework\base\CApplication.php(180): CWebApplication->processRequest()
#13 C:\xampp2\htdocs\yii\clase_5\clase_5\index.php(13): CApplication->run()
#14 {main}
REQUEST_URI=/yii/clase_5/clase_5/db
---
2013/09/19 23:48:52 [error] [php] Undefined variable: dataReader (C:\xampp2\htdocs\yii\clase_5\clase_5\protected\models\Noticias.php:22)
Stack trace:
#0 C:\xampp2\htdocs\yii\clase_5\framework\web\CController.php(308): CInlineAction->runWithParams()
#1 C:\xampp2\htdocs\yii\clase_5\framework\web\CController.php(286): DbController->runAction()
#2 C:\xampp2\htdocs\yii\clase_5\framework\web\CController.php(265): DbController->runActionWithFilters()
#3 C:\xampp2\htdocs\yii\clase_5\framework\web\CWebApplication.php(282): DbController->run()
#4 C:\xampp2\htdocs\yii\clase_5\framework\web\CWebApplication.php(141): CWebApplication->runController()
#5 C:\xampp2\htdocs\yii\clase_5\framework\base\CApplication.php(180): CWebApplication->processRequest()
#6 C:\xampp2\htdocs\yii\clase_5\clase_5\index.php(13): CWebApplication->run()
REQUEST_URI=/yii/clase_5/clase_5/db
in C:\xampp2\htdocs\yii\clase_5\clase_5\protected\models\Noticias.php (22)
in C:\xampp2\htdocs\yii\clase_5\clase_5\protected\controllers\DbController.php (9)
in C:\xampp2\htdocs\yii\clase_5\clase_5\index.php (13)
